<?xml version="1.0" encoding="UTF-8"?>
<!-- Generated by org.testng.reporters.JUnitReportReporter -->
<testsuite hostname="Saifuls-MacBook-Pro.local" failures="0" tests="2" name="browserTest.ChromeTest" time="6.616" errors="0" timestamp="2024-09-28T22:06:15 EDT" skipped="0">
  <testcase classname="browserTest.ChromeTest" name="browsertest" time="3.737"/>
  <system-out/>
  <testcase classname="browserTest.ChromeTest" name="browsertest2" time="2.879"/>
  <system-out/>
</testsuite> <!-- browserTest.ChromeTest -->
